<?xml version="1.0" encoding="UTF-8"?>
<!-- Generated by org.testng.reporters.JUnitReportReporter -->
<testsuite hostname="HP" failures="0" tests="4" name="api.Test.UserTestsUsingPojo" time="10.512" errors="0" timestamp="2025-06-01T11:22:10 IST" skipped="0">
  <testcase classname="api.Test.UserTestsUsingPojo" name="createNewUser" time="10.060"/>
  <testcase classname="api.Test.UserTestsUsingPojo" name="getNewUser" time="0.219"/>
  <testcase classname="api.Test.UserTestsUsingPojo" name="updateNewUser" time="0.112"/>
  <testcase classname="api.Test.UserTestsUsingPojo" name="deleteNewUser" time="0.121"/>
</testsuite> <!-- api.Test.UserTestsUsingPojo -->
