<?xml version="1.0" encoding="UTF-8"?>
<!-- Generated by org.testng.reporters.JUnitReportReporter -->
<testsuite hostname="HP" failures="0" tests="3" name="api.Test.UserTestUsingDataProvider" time="2.940" errors="0" timestamp="2025-05-31T16:38:35 IST" skipped="0">
  <testcase classname="api.Test.UserTestUsingDataProvider" name="createNewUser" time="0.106"/>
  <testcase classname="api.Test.UserTestUsingDataProvider" name="createNewUser" time="2.718"/>
  <testcase classname="api.Test.UserTestUsingDataProvider" name="createNewUser" time="0.116"/>
</testsuite> <!-- api.Test.UserTestUsingDataProvider -->
